
[pboot-ref] live DE2/TCON0/DSI/DPHY/CCU as left by p-boot:
01c20010=91006207
01c20040=90c0071a
01c20048=91001701
01c20064=00201009
01c20104=81000000
01c20118=80000000
01c20168=00008203
01c202c0=00004542
01c202c4=00201009
01000000=00000001
01000004=00000001
01000008=00000001
01000010=00000000
01100000=00000001
01100004=00000010
01100008=00000000
0110000c=059f02cf
01101000=00000101
01101004=ff000000
01101008=059f02cf
0110100c=00000000
01101080=00000001
01101084=00000000
01101088=ff000000
0110108c=059f02cf
01101090=03010301
01103000=ff000405
01103004=059f02cf
01103008=00000000
0110300c=00000b40
01103010=48000000
01103088=059f02cf
01c0c000=80000000
01c0c004=00000800
01c0c040=81000000
01c0c044=80000006
01c0c048=02cf059f
01c0c060=10010005
01c0c08c=e0000000
01c0c0f8=00000008
01c0c160=002f02cf
01c0c164=014d059f
01c0c168=1bc2000a
01c0c1f0=0bb80003
01ca0000=01010001
01ca0010=00030001
01ca0014=00005bc7
01ca0018=0011000a
01ca001c=05cd05a0
01ca0020=0000000f
01ca0024=10000001
01ca0028=20000010
01ca002c=2000000f
01ca0030=30100001
01ca0034=40000010
01ca0048=63f07006
01ca0060=0000000a
01ca0078=00000000
01ca007c=10000007
01ca0080=00010008
01ca0090=1308703e
01ca0098=0000ffff
01ca009c=ffffffff
01ca00b0=12000021
01ca00b4=01000031
01ca00b8=07000001
01ca00bc=14000011
01ca00c0=09004a19
01ca00c4=50b40000
01ca00c8=35005419
01ca00cc=757a0000
01ca00d0=09004a19
01ca00d4=50b40000
01ca00d8=00000000
01ca00dc=00000000
01ca00e0=0c091a19
01ca00e4=72bd0000
01ca1000=00000031
01ca1004=10000000
01ca1008=00000000
01ca100c=00000000
01ca1010=0a06000e
01ca1014=0a033207
01ca1018=0000001e
01ca104c=9f007f00
01ca1050=97000000
01ca1054=0f000012
01ca1058=ff040000
01ca105c=01f01555
DE2_GLB_CTL=00000001
DE2_OVL_TOPADD=48000000
[unodos] mainloop
01c20010=91006207
01c20040=90c0071a
01c20048=91001701
01c20064=00201009
01c20104=81000000
01c20118=80000000
01c20168=00008203
01c202c0=00004542
01c202c4=00201009
01000000=00000001
01000004=00000001
01000008=00000001
01000010=00000000
01100000=00000001
01100004=00000010
01100008=00000000
0110000c=059f02cf
01101000=00000101
01101004=ff000000
01101008=059f02cf
0110100c=00000000
01101080=00000001
01101084=00000000
01101088=ff000000
0110108c=059f02cf
01101090=03010301
01103000=ff000405
01103004=059f02cf
01103008=00000000
0110300c=00000b40
01103010=48000000
01103088=059f02cf
01c0c000=80000000
01c0c004=00000800
01c0c040=81000000
01c0c044=80000006
01c0c048=02cf059f
01c0c060=10010005
01c0c08c=e0000000
01c0c0f8=00000008
01c0c160=002f02cf
01c0c164=02ba059f
01c0c168=1bc2000a
01c0c1f0=0bb80003
01ca0000=01010001
01ca0010=00030001
01ca0014=00005bc7
01ca0018=0011000a
01ca001c=05cd05a0
01ca0020=0000000f
01ca0024=10000001
01ca0028=20000010
01ca002c=2000000f
01ca0030=30100001
01ca0034=40000010
01ca0048=63f07006
01ca0060=0000000a
01ca0078=00000000
01ca007c=10000007
01ca0080=00010008
01ca0090=1308703e
01ca0098=0000ffff
01ca009c=ffffffff
01ca00b0=12000021
01ca00b4=01000031
01ca00b8=07000001
01ca00bc=14000011
01ca00c0=09004a19
01ca00c4=50b40000
01ca00c8=35005419
01ca00cc=757a0000
01ca00d0=09004a19
01ca00d4=50b40000
01ca00d8=00000000
01ca00dc=00000000
01ca00e0=0c091a19
01ca00e4=72bd0000
01ca1000=00000031
01ca1004=10000000
01ca1008=00000000
01ca100c=00000000
01ca1010=0a06000e
01ca1014=0a033207
01ca1018=0000001e
01ca104c=9f007f00
01ca1050=97000000
01ca1054=0f000012
01ca1058=ff040000
01ca105c=01f01555
TCON0_GCTL=80000000
TCON0_GINT0=00000800
DE2_GLB_STATUS=00000010
DSI_BASIC_CTL0=00030001
TCON0_GINT0=00000800
DE2_GLB_STATUS=00000010
DSI_BASIC_CTL0=00030001
TCON0_GINT0=00000800
DE2_GLB_STATUS=00000010
DSI_BASIC_CTL0=00030001
