
[pboot-ref] live DE2/TCON0/DSI/DPHY/CCU as left by p-boot:
01000000=00000001
01000004=00000001
01000008=00000001
0100000c=00000000
01100000=00000001
01100004=00000010
01100008=00000000
0110000c=059f02cf
01100010=00000000
01100014=00000000
01100018=00000000
0110001c=00000000
01101000=00000101
01101004=ff000000
01101008=059f02cf
0110100c=00000000
01101010=00000000
01101014=ff000000
01101018=029f027f
0110101c=02d80028
01101020=00000000
01101024=00000000
01101028=00000000
0110102c=00000000
01101030=00000000
01101034=00000000
01101038=00000000
0110103c=00000000
01101040=00000000
01101044=00000000
01101048=00000000
0110104c=00000000
01101050=00000000
01101054=00000000
01101058=00000000
0110105c=00000000
01101060=00000000
01101064=00000000
01101068=00000000
0110106c=00000000
01101070=00000000
01101074=00000000
01101078=00000000
0110107c=00000000
01101080=00000001
01101084=00000000
01101088=ff000000
0110108c=059f02cf
01101090=03010301
01101094=03010301
01101098=00000000
0110109c=00000000
011010a0=00000000
01103000=ff000405
01103004=059f02cf
01103008=00000000
0110300c=00000b40
01103010=48000000
01103014=00000000
01103018=00000000
0110301c=00000000
01103020=00000000
01103024=00000000
01103028=00000000
0110302c=00000000
01103030=00000000
01103034=00000000
01103038=00000000
0110303c=00000000
01103040=00000000
01ca0000=01010001
01ca0004=0a070000
01ca0008=00000000
01ca000c=00000000
01ca0010=00030001
01ca0014=00005bc7
01ca0018=0011000a
01ca001c=05cd05a0
01ca0020=0000000f
01ca0024=10000001
01ca0028=20000010
01ca002c=2000000f
01ca0030=30100001
01ca0034=40000010
01ca0038=0000000f
01ca003c=5000001f
01ca0040=30000002
01ca0044=00310031
01ca0048=63f07006
01ca004c=00560001
01ca0050=00000000
01ca0054=00310031
01ca0058=00000000
01ca005c=00000000
01ca0060=0000000a
01ca0064=00000000
01ca0068=00000000
01ca006c=00000000
01ca0070=00000000
01ca0074=00000000
01ca0078=00000000
01ca007c=10000007
01ca0080=00010008
01ca0084=00000000
01ca0088=00000000
01ca008c=00000000
01ca0090=1308703e
01ca0094=00000000
01ca0098=0000ffff
01ca009c=ffffffff
01ca00a0=00000000
01ca00a4=00000000
01ca00a8=00000000
01ca00ac=00000000
01ca00b0=12000021
01ca00b4=01000031
01ca00b8=07000001
01ca00bc=14000011
01ca00c0=09004a19
01ca00c4=50b40000
01ca00c8=35005419
01ca00cc=757a0000
01ca00d0=09004a19
01ca00d4=50b40000
01ca00d8=00000000
01ca00dc=00000000
01ca00e0=0c091a19
01ca00e4=72bd0000
01ca00e8=1a000019
01ca00ec=ffff0000
01ca1000=00000031
01ca1004=10000000
01ca1008=00000000
01ca100c=00000000
01ca1010=0a06000e
01ca1014=0a033207
01ca1018=0000001e
01ca101c=00000000
01ca1020=00000303
01ca1024=00000000
01ca1028=00000000
01ca102c=00000000
01ca1030=00000000
01ca1034=00000000
01ca1038=00000001
01ca103c=00000000
01ca1040=00000000
01ca1044=00000000
01ca1048=00000000
01ca104c=9f007f00
01ca1050=97000000
01ca1054=0f000012
01ca1058=ff040000
01ca105c=01f01555
01ca1060=00000000
01c0c000=80000000
01c0c004=00000800
01c0c008=00000000
01c0c040=81000000
01c0c044=80000006
01c0c048=02cf059f
01c0c060=10010005
01c0c088=00000000
01c0c08c=e0000000
01c0c0f4=ffffffff
01c0c0f8=00000008
01c0c160=002f02cf
01c0c164=03f3059f
01c0c168=1bc2000a
01c0c1f0=0bb80003
01c20010=91006207
01c20028=90041811
01c20040=90c0071a
01c20048=91001701
01c20060=00004542
01c20064=00201009
01c20104=81000000
01c20118=80000000
01c2015c=81000002
01c20168=00008203
01c202c0=00004542
01c202c4=00201009
01c202c8=00000000

[ccu-full] complete CCU sweep 0x01C20000-0x01C202FF:
01c20000=90001010
01c20004=00000000
01c20008=00035514
01c2000c=00000000
01c20010=91006207
01c20014=00000000
01c20018=03006207
01c2001c=00000000
01c20020=00001000
01c20024=00000000
01c20028=90041811
01c2002c=00041811
01c20030=03006207
01c20034=00000000
01c20038=03006207
01c2003c=00000000
01c20040=90c0071a
01c20044=03001300
01c20048=91001701
01c2004c=90002d00
01c20050=00020302
01c20054=00003180
01c20058=01000000
01c2005c=00000001
01c20060=00004542
01c20064=00201009
01c20068=00000020
01c2006c=00010000
01c20070=00000000
01c20074=00000000
01c20078=00000000
01c2007c=00000000
01c20080=00000000
01c20084=00000000
01c20088=8100000b
01c2008c=00000000
01c20090=81000005
01c20094=00000000
01c20098=00000000
01c2009c=00000000
01c200a0=00000000
01c200a4=00000000
01c200a8=00000000
01c200ac=00000000
01c200b0=00000000
01c200b4=00000000
01c200b8=00000000
01c200bc=00000000
01c200c0=00000000
01c200c4=00000000
01c200c8=00000000
01c200cc=00000000
01c200d0=00000000
01c200d4=00000000
01c200d8=00000000
01c200dc=00000000
01c200e0=00000000
01c200e4=00000000
01c200e8=00000000
01c200ec=00000000
01c200f0=00000000
01c200f4=80100000
01c200f8=ccca0000
01c200fc=80000000
01c20100=00000000
01c20104=81000000
01c20108=00000000
01c2010c=00000000
01c20110=00000000
01c20114=00000000
01c20118=80000000
01c2011c=00000000
01c20120=00000000
01c20124=00000000
01c20128=00000000
01c2012c=00000000
01c20130=00000000
01c20134=00000000
01c20138=00000000
01c2013c=00000000
01c20140=00000000
01c20144=00000000
01c20148=00000000
01c2014c=00000000
01c20150=00000000
01c20154=00000000
01c20158=00000000
01c2015c=81000002
01c20160=00000000
01c20164=00000000
01c20168=00008203
01c2016c=00000000
01c20170=00000000
01c20174=00000000
01c20178=00000000
01c2017c=00000000
01c20180=00000000
01c20184=00000000
01c20188=00000000
01c2018c=00000000
01c20190=00000000
01c20194=00000000
01c20198=00000000
01c2019c=00000000
01c201a0=00000000
01c201a4=00000000
01c201a8=00000000
01c201ac=00000000
01c201b0=80000000
01c201b4=00000000
01c201b8=00000000
01c201bc=00000000
01c201c0=00000000
01c201c4=00000000
01c201c8=00000000
01c201cc=00000000
01c201d0=00000000
01c201d4=00000000
01c201d8=00000000
01c201dc=00000000
01c201e0=00000000
01c201e4=00000000
01c201e8=00000000
01c201ec=00000000
01c201f0=00000000
01c201f4=00000000
01c201f8=00000000
01c201fc=00000000
01c20200=000000ff
01c20204=000000ff
01c20208=00000000
01c2020c=00000000
01c20210=00000000
01c20214=00000000
01c20218=00000000
01c2021c=10100010
01c20220=08100200
01c20224=10100000
01c20228=10100000
01c2022c=10100000
01c20230=81104000
01c20234=10100010
01c20238=10100000
01c2023c=10100000
01c20240=f8100400
01c20244=10100000
01c20248=10100000
01c2024c=10010000
01c20250=0a10101d
01c20254=00000000
01c20258=00000000
01c2025c=00000000
01c20260=14880008
01c20264=00000000
01c20268=00000000
01c2026c=00000000
01c20270=8a002009
01c20274=00000000
01c20278=00000000
01c2027c=00000000
01c20280=00000000
01c20284=00000000
01c20288=00000000
01c2028c=00000000
01c20290=00000000
01c20294=00000000
01c20298=00000000
01c2029c=00000000
01c202a0=00000000
01c202a4=00000000
01c202a8=00000000
01c202ac=00000000
01c202b0=00000000
01c202b4=00000000
01c202b8=00000000
01c202bc=00000000
01c202c0=00004542
01c202c4=00201009
01c202c8=00000000
01c202cc=00000000
01c202d0=00000000
01c202d4=00000000
01c202d8=00010000
01c202dc=00000000
01c202e0=00000000
01c202e4=00000000
01c202e8=00000000
01c202ec=00000000
01c202f0=00000007
01c202f4=00000000
01c202f8=00000000
01c202fc=00000000
DE2_GLB_CTL=00000001
DE2_OVL_TOPADD=48000000
[unodos] mainloop
01000000=00000001
01000004=00000001
01000008=00000001
0100000c=00000000
01100000=00000001
01100004=00000010
01100008=00000000
0110000c=059f02cf
01100010=00000000
01100014=00000000
01100018=00000000
0110001c=00000000
01101000=00000101
01101004=ff000000
01101008=059f02cf
0110100c=00000000
01101010=00000000
01101014=ff000000
01101018=029f027f
0110101c=02d80028
01101020=00000000
01101024=00000000
01101028=00000000
0110102c=00000000
01101030=00000000
01101034=00000000
01101038=00000000
0110103c=00000000
01101040=00000000
01101044=00000000
01101048=00000000
0110104c=00000000
01101050=00000000
01101054=00000000
01101058=00000000
0110105c=00000000
01101060=00000000
01101064=00000000
01101068=00000000
0110106c=00000000
01101070=00000000
01101074=00000000
01101078=00000000
0110107c=00000000
01101080=00000001
01101084=00000000
01101088=ff000000
0110108c=059f02cf
01101090=03010301
01101094=03010301
01101098=00000000
0110109c=00000000
011010a0=00000000
01103000=ff000405
01103004=059f02cf
01103008=00000000
0110300c=00000b40
01103010=48000000
01103014=00000000
01103018=00000000
0110301c=00000000
01103020=00000000
01103024=00000000
01103028=00000000
0110302c=00000000
01103030=00000000
01103034=00000000
01103038=00000000
0110303c=00000000
01103040=00000000
01ca0000=01010001
01ca0004=0a070000
01ca0008=00000000
01ca000c=00000000
01ca0010=00030001
01ca0014=00005bc7
01ca0018=0011000a
01ca001c=05cd05a0
01ca0020=0000000f
01ca0024=10000001
01ca0028=20000010
01ca002c=2000000f
01ca0030=30100001
01ca0034=40000010
01ca0038=0000000f
01ca003c=5000001f
01ca0040=30000002
01ca0044=00310031
01ca0048=63f07006
01ca004c=00560001
01ca0050=00000000
01ca0054=00310031
01ca0058=00000000
01ca005c=00000000
01ca0060=0000000a
01ca0064=00000000
01ca0068=00000000
01ca006c=00000000
01ca0070=00000000
01ca0074=00000000
01ca0078=00000000
01ca007c=10000007
01ca0080=00010008
01ca0084=00000000
01ca0088=00000000
01ca008c=00000000
01ca0090=1308703e
01ca0094=00000000
01ca0098=0000ffff
01ca009c=ffffffff
01ca00a0=00000000
01ca00a4=00000000
01ca00a8=00000000
01ca00ac=00000000
01ca00b0=12000021
01ca00b4=01000031
01ca00b8=07000001
01ca00bc=14000011
01ca00c0=09004a19
01ca00c4=50b40000
01ca00c8=35005419
01ca00cc=757a0000
01ca00d0=09004a19
01ca00d4=50b40000
01ca00d8=00000000
01ca00dc=00000000
01ca00e0=0c091a19
01ca00e4=72bd0000
01ca00e8=1a000019
01ca00ec=ffff0000
01ca1000=00000031
01ca1004=10000000
01ca1008=00000000
01ca100c=00000000
01ca1010=0a06000e
01ca1014=0a033207
01ca1018=0000001e
01ca101c=00000000
01ca1020=00000303
01ca1024=00000000
01ca1028=00000000
01ca102c=00000000
01ca1030=00000000
01ca1034=00000000
01ca1038=00000001
01ca103c=00000000
01ca1040=00000000
01ca1044=00000000
01ca1048=00000000
01ca104c=9f007f00
01ca1050=97000000
01ca1054=0f000012
01ca1058=ff040000
01ca105c=01f01555
01ca1060=00000000
01c0c000=80000000
01c0c004=00000800
01c0c008=00000000
01c0c040=81000000
01c0c044=80000006
01c0c048=02cf059f
01c0c060=10010005
01c0c088=00000000
01c0c08c=e0000000
01c0c0f4=ffffffff
01c0c0f8=00000008
01c0c160=002f02cf
01c0c164=02c6059f
01c0c168=1bc2000a
01c0c1f0=0bb80003
01c20010=91006207
01c20028=90041811
01c20040=90c0071a
01c20048=91001701
01c20060=00004542
01c20064=00201009
01c20104=81000000
01c20118=80000000
01c2015c=81000002
01c20168=00008203
01c202c0=00004542
01c202c4=00201009
01c202c8=00000000

[ccu-full] complete CCU sweep 0x01C20000-0x01C202FF:
01c20000=90001010
01c20004=00000000
01c20008=00035514
01c2000c=00000000
01c20010=91006207
01c20014=00000000
01c20018=03006207
01c2001c=00000000
01c20020=00001000
01c20024=00000000
01c20028=90041811
01c2002c=00041811
01c20030=03006207
01c20034=00000000
01c20038=03006207
01c2003c=00000000
01c20040=90c0071a
01c20044=03001300
01c20048=91001701
01c2004c=90002d00
01c20050=00020302
01c20054=00003180
01c20058=01000000
01c2005c=00000001
01c20060=00004542
01c20064=00201009
01c20068=00000020
01c2006c=00010000
01c20070=00000000
01c20074=00000000
01c20078=00000000
01c2007c=00000000
01c20080=00000000
01c20084=00000000
01c20088=8100000b
01c2008c=00000000
01c20090=81000005
01c20094=00000000
01c20098=00000000
01c2009c=00000000
01c200a0=00000000
01c200a4=00000000
01c200a8=00000000
01c200ac=00000000
01c200b0=00000000
01c200b4=00000000
01c200b8=00000000
01c200bc=00000000
01c200c0=00000000
01c200c4=00000000
01c200c8=00000000
01c200cc=00000000
01c200d0=00000000
01c200d4=00000000
01c200d8=00000000
01c200dc=00000000
01c200e0=00000000
01c200e4=00000000
01c200e8=00000000
01c200ec=00000000
01c200f0=00000000
01c200f4=80100000
01c200f8=ccca0000
01c200fc=80000000
01c20100=00000000
01c20104=81000000
01c20108=00000000
01c2010c=00000000
01c20110=00000000
01c20114=00000000
01c20118=80000000
01c2011c=00000000
01c20120=00000000
01c20124=00000000
01c20128=00000000
01c2012c=00000000
01c20130=00000000
01c20134=00000000
01c20138=00000000
01c2013c=00000000
01c20140=00000000
01c20144=00000000
01c20148=00000000
01c2014c=00000000
01c20150=00000000
01c20154=00000000
01c20158=00000000
01c2015c=81000002
01c20160=00000000
01c20164=00000000
01c20168=00008203
01c2016c=00000000
01c20170=00000000
01c20174=00000000
01c20178=00000000
01c2017c=00000000
01c20180=00000000
01c20184=00000000
01c20188=00000000
01c2018c=00000000
01c20190=00000000
01c20194=00000000
01c20198=00000000
01c2019c=00000000
01c201a0=00000000
01c201a4=00000000
01c201a8=00000000
01c201ac=00000000
01c201b0=80000000
01c201b4=00000000
01c201b8=00000000
01c201bc=00000000
01c201c0=00000000
01c201c4=00000000
01c201c8=00000000
01c201cc=00000000
01c201d0=00000000
01c201d4=00000000
01c201d8=00000000
01c201dc=00000000
01c201e0=00000000
01c201e4=00000000
01c201e8=00000000
01c201ec=00000000
01c201f0=00000000
01c201f4=00000000
01c201f8=00000000
01c201fc=00000000
01c20200=000000ff
01c20204=000000ff
01c20208=00000000
01c2020c=00000000
01c20210=00000000
01c20214=00000000
01c20218=00000000
01c2021c=10100010
01c20220=08100200
01c20224=10100000
01c20228=10100000
01c2022c=10100000
01c20230=81104000
01c20234=10100010
01c20238=10100000
01c2023c=10100000
01c20240=f8100400
01c20244=10100000
01c20248=10100000
01c2024c=10010000
01c20250=0a10101d
01c20254=00000000
01c20258=00000000
01c2025c=00000000
01c20260=14880008
01c20264=00000000
01c20268=00000000
01c2026c=00000000
01c20270=8a002009
01c20274=00000000
01c20278=00000000
01c2027c=00000000
01c20280=00000000
01c20284=00000000
01c20288=00000000
01c2028c=00000000
01c20290=00000000
01c20294=00000000
01c20298=00000000
01c2029c=00000000
01c202a0=00000000
01c202a4=00000000
01c202a8=00000000
01c202ac=00000000
01c202b0=00000000
01c202b4=00000000
01c202b8=00000000
01c202bc=00000000
01c202c0=00004542
01c202c4=00201009
01c202c8=00000000
01c202cc=00000000
01c202d0=00000000
01c202d4=00000000
01c202d8=00010000
01c202dc=00000000
01c202e0=00000000
01c202e4=00000000
01c202e8=00000000
01c202ec=00000000
01c202f0=00000007
01c202f4=00000000
01c202f8=00000000
01c202fc=00000000
TCON0_GCTL=80000000
TCON0_GINT0=00000800
DE2_GLB_STATUS=00000010
DSI_BASIC_CTL0=00030001
TCON0_GINT0=00000800
DE2_GLB_STATUS=00000010
DSI_BASIC_CTL0=00030001
TCON0_GINT0=00000800
DE2_GLB_STATUS=00000010
DSI_BASIC_CTL0=00030001

[frameperiod] cntpct ticks over 60 TCON0 frames:
FRAME_TICKS_60=016968cd
FRAME_TICKS_1=00060603
